<?xml version="1.0" encoding="UTF-8"?>
<testng-results ignored="0" total="3" passed="3" failed="0" skipped="0">
  <reporter-output>
  </reporter-output>
  <suite started-at="2021-05-07T23:50:39 IST" name="Default suite" finished-at="2021-05-07T23:54:02 IST" duration-ms="202621">
    <groups>
    </groups>
    <test started-at="2021-05-07T23:50:39 IST" name="Default test" finished-at="2021-05-07T23:54:02 IST" duration-ms="202621">
      <class name="com.workpackages.base.Login">
        <test-method is-config="true" signature="Openmainspring()[pri:0, instance:com.workpackages.base.Login@24fcf36f]" started-at="2021-05-07T23:50:27 IST" name="Openmainspring" finished-at="2021-05-07T23:50:39 IST" duration-ms="12296" status="PASS">
          <reporter-output>
          </reporter-output>
        </test-method> <!-- Openmainspring -->
        <test-method signature="mainspring()[pri:1, instance:com.workpackages.base.Login@24fcf36f]" started-at="2021-05-07T23:50:39 IST" name="mainspring" finished-at="2021-05-07T23:52:02 IST" duration-ms="83076" status="PASS">
          <reporter-output>
          </reporter-output>
        </test-method> <!-- mainspring -->
        <test-method signature="menu()[pri:2, instance:com.workpackages.base.Login@24fcf36f]" started-at="2021-05-07T23:52:02 IST" name="menu" finished-at="2021-05-07T23:52:10 IST" duration-ms="7429" status="PASS">
          <reporter-output>
          </reporter-output>
        </test-method> <!-- menu -->
        <test-method signature="AstraForm()[pri:3, instance:com.workpackages.base.Login@24fcf36f]" started-at="2021-05-07T23:52:10 IST" name="AstraForm" finished-at="2021-05-07T23:54:02 IST" duration-ms="112017" status="PASS">
          <reporter-output>
          </reporter-output>
        </test-method> <!-- AstraForm -->
        <test-method is-config="true" signature="quitBrowser()[pri:0, instance:com.workpackages.base.Login@24fcf36f]" started-at="2021-05-07T23:54:02 IST" name="quitBrowser" finished-at="2021-05-07T23:54:04 IST" duration-ms="2094" status="PASS">
          <reporter-output>
          </reporter-output>
        </test-method> <!-- quitBrowser -->
      </class> <!-- com.workpackages.base.Login -->
    </test> <!-- Default test -->
  </suite> <!-- Default suite -->
</testng-results>
