<?xml version="1.0" encoding="UTF-8"?>
<!-- Generated by org.testng.reporters.JUnitXMLReporter -->
<testsuite ignored="0" hostname="LAP-15" failures="0" tests="3" name="Default test" time="202.621" errors="0" timestamp="2021-05-07T23:54:02 IST">
  <testcase classname="com.workpackages.base.Login" name="mainspring" time="83.076"/>
  <testcase classname="com.workpackages.base.Login" name="menu" time="7.429"/>
  <testcase classname="com.workpackages.base.Login" name="AstraForm" time="112.017"/>
</testsuite> <!-- Default test -->
